<?xml version="1.0" encoding="UTF-8"?>
<testsuite xmlns:xsi="http://www.w3.org/2001/XMLSchema-instance" xsi:noNamespaceSchemaLocation="https://maven.apache.org/surefire/maven-surefire-plugin/xsd/surefire-test-report.xsd" name="com.yupi.autoreply.api.openai.OpenAiApiTest" time="25.367" tests="1" errors="1" skipped="0" failures="0">
  <properties>
    <property name="sun.desktop" value="windows"/>
    <property name="awt.toolkit" value="sun.awt.windows.WToolkit"/>
    <property name="file.encoding.pkg" value="sun.io"/>
    <property name="java.specification.version" value="1.8"/>
    <property name="sun.cpu.isalist" value="amd64"/>
    <property name="sun.jnu.encoding" value="GBK"/>
    <property name="java.class.path" value="D:\IDEAProject\reply\target\test-classes;D:\IDEAProject\reply\target\classes;D:\repository\aiserver\org\springframework\boot\spring-boot-starter-web\2.7.2\spring-boot-starter-web-2.7.2.jar;D:\repository\aiserver\org\springframework\boot\spring-boot-starter\2.7.2\spring-boot-starter-2.7.2.jar;D:\repository\aiserver\org\springframework\boot\spring-boot-starter-logging\2.7.2\spring-boot-starter-logging-2.7.2.jar;D:\repository\aiserver\ch\qos\logback\logback-classic\1.2.11\logback-classic-1.2.11.jar;D:\repository\aiserver\ch\qos\logback\logback-core\1.2.11\logback-core-1.2.11.jar;D:\repository\aiserver\org\apache\logging\log4j\log4j-to-slf4j\2.17.2\log4j-to-slf4j-2.17.2.jar;D:\repository\aiserver\org\apache\logging\log4j\log4j-api\2.17.2\log4j-api-2.17.2.jar;D:\repository\aiserver\org\slf4j\jul-to-slf4j\1.7.36\jul-to-slf4j-1.7.36.jar;D:\repository\aiserver\jakarta\annotation\jakarta.annotation-api\1.3.5\jakarta.annotation-api-1.3.5.jar;D:\repository\aiserver\org\yaml\snakeyaml\1.30\snakeyaml-1.30.jar;D:\repository\aiserver\org\springframework\boot\spring-boot-starter-json\2.7.2\spring-boot-starter-json-2.7.2.jar;D:\repository\aiserver\com\fasterxml\jackson\core\jackson-databind\2.13.3\jackson-databind-2.13.3.jar;D:\repository\aiserver\com\fasterxml\jackson\core\jackson-annotations\2.13.3\jackson-annotations-2.13.3.jar;D:\repository\aiserver\com\fasterxml\jackson\core\jackson-core\2.13.3\jackson-core-2.13.3.jar;D:\repository\aiserver\com\fasterxml\jackson\datatype\jackson-datatype-jdk8\2.13.3\jackson-datatype-jdk8-2.13.3.jar;D:\repository\aiserver\com\fasterxml\jackson\datatype\jackson-datatype-jsr310\2.13.3\jackson-datatype-jsr310-2.13.3.jar;D:\repository\aiserver\com\fasterxml\jackson\module\jackson-module-parameter-names\2.13.3\jackson-module-parameter-names-2.13.3.jar;D:\repository\aiserver\org\springframework\boot\spring-boot-starter-tomcat\2.7.2\spring-boot-starter-tomcat-2.7.2.jar;D:\repository\aiserver\org\apache\tomcat\embed\tomcat-embed-core\9.0.65\tomcat-embed-core-9.0.65.jar;D:\repository\aiserver\org\apache\tomcat\embed\tomcat-embed-el\9.0.65\tomcat-embed-el-9.0.65.jar;D:\repository\aiserver\org\apache\tomcat\embed\tomcat-embed-websocket\9.0.65\tomcat-embed-websocket-9.0.65.jar;D:\repository\aiserver\org\springframework\spring-web\5.3.22\spring-web-5.3.22.jar;D:\repository\aiserver\org\springframework\spring-beans\5.3.22\spring-beans-5.3.22.jar;D:\repository\aiserver\org\springframework\spring-webmvc\5.3.22\spring-webmvc-5.3.22.jar;D:\repository\aiserver\org\springframework\spring-context\5.3.22\spring-context-5.3.22.jar;D:\repository\aiserver\org\springframework\spring-expression\5.3.22\spring-expression-5.3.22.jar;D:\repository\aiserver\org\springframework\boot\spring-boot-starter-aop\2.7.2\spring-boot-starter-aop-2.7.2.jar;D:\repository\aiserver\org\springframework\spring-aop\5.3.22\spring-aop-5.3.22.jar;D:\repository\aiserver\org\aspectj\aspectjweaver\1.9.7\aspectjweaver-1.9.7.jar;D:\repository\aiserver\org\springframework\boot\spring-boot-starter-thymeleaf\2.7.2\spring-boot-starter-thymeleaf-2.7.2.jar;D:\repository\aiserver\org\thymeleaf\thymeleaf-spring5\3.0.15.RELEASE\thymeleaf-spring5-3.0.15.RELEASE.jar;D:\repository\aiserver\org\thymeleaf\thymeleaf\3.0.15.RELEASE\thymeleaf-3.0.15.RELEASE.jar;D:\repository\aiserver\org\attoparser\attoparser\2.0.5.RELEASE\attoparser-2.0.5.RELEASE.jar;D:\repository\aiserver\org\unbescape\unbescape\1.1.6.RELEASE\unbescape-1.1.6.RELEASE.jar;D:\repository\aiserver\org\slf4j\slf4j-api\1.7.36\slf4j-api-1.7.36.jar;D:\repository\aiserver\org\thymeleaf\extras\thymeleaf-extras-java8time\3.0.4.RELEASE\thymeleaf-extras-java8time-3.0.4.RELEASE.jar;D:\repository\aiserver\com\github\xiaoymin\knife4j-spring-boot-starter\3.0.3\knife4j-spring-boot-starter-3.0.3.jar;D:\repository\aiserver\com\github\xiaoymin\knife4j-spring-boot-autoconfigure\3.0.3\knife4j-spring-boot-autoconfigure-3.0.3.jar;D:\repository\aiserver\com\github\xiaoymin\knife4j-spring\3.0.3\knife4j-spring-3.0.3.jar;D:\repository\aiserver\com\github\xiaoymin\knife4j-annotations\3.0.3\knife4j-annotations-3.0.3.jar;D:\repository\aiserver\io\swagger\swagger-annotations\1.5.22\swagger-annotations-1.5.22.jar;D:\repository\aiserver\io\swagger\core\v3\swagger-annotations\2.1.2\swagger-annotations-2.1.2.jar;D:\repository\aiserver\com\github\xiaoymin\knife4j-core\3.0.3\knife4j-core-3.0.3.jar;D:\repository\aiserver\org\javassist\javassist\3.25.0-GA\javassist-3.25.0-GA.jar;D:\repository\aiserver\io\springfox\springfox-swagger2\3.0.0\springfox-swagger2-3.0.0.jar;D:\repository\aiserver\io\springfox\springfox-spi\3.0.0\springfox-spi-3.0.0.jar;D:\repository\aiserver\io\springfox\springfox-schema\3.0.0\springfox-schema-3.0.0.jar;D:\repository\aiserver\io\springfox\springfox-swagger-common\3.0.0\springfox-swagger-common-3.0.0.jar;D:\repository\aiserver\io\springfox\springfox-spring-web\3.0.0\springfox-spring-web-3.0.0.jar;D:\repository\aiserver\io\github\classgraph\classgraph\4.8.83\classgraph-4.8.83.jar;D:\repository\aiserver\io\springfox\springfox-spring-webflux\3.0.0\springfox-spring-webflux-3.0.0.jar;D:\repository\aiserver\org\mapstruct\mapstruct\1.3.1.Final\mapstruct-1.3.1.Final.jar;D:\repository\aiserver\io\springfox\springfox-spring-webmvc\3.0.0\springfox-spring-webmvc-3.0.0.jar;D:\repository\aiserver\io\springfox\springfox-core\3.0.0\springfox-core-3.0.0.jar;D:\repository\aiserver\io\springfox\springfox-oas\3.0.0\springfox-oas-3.0.0.jar;D:\repository\aiserver\io\swagger\core\v3\swagger-models\2.1.2\swagger-models-2.1.2.jar;D:\repository\aiserver\io\springfox\springfox-bean-validators\3.0.0\springfox-bean-validators-3.0.0.jar;D:\repository\aiserver\io\swagger\swagger-models\1.5.22\swagger-models-1.5.22.jar;D:\repository\aiserver\io\swagger\swagger-core\1.5.22\swagger-core-1.5.22.jar;D:\repository\aiserver\com\fasterxml\jackson\dataformat\jackson-dataformat-yaml\2.13.3\jackson-dataformat-yaml-2.13.3.jar;D:\repository\aiserver\com\google\guava\guava\27.0.1-android\guava-27.0.1-android.jar;D:\repository\aiserver\com\google\guava\failureaccess\1.0.1\failureaccess-1.0.1.jar;D:\repository\aiserver\com\google\guava\listenablefuture\9999.0-empty-to-avoid-conflict-with-guava\listenablefuture-9999.0-empty-to-avoid-conflict-with-guava.jar;D:\repository\aiserver\com\google\code\findbugs\jsr305\3.0.2\jsr305-3.0.2.jar;D:\repository\aiserver\org\checkerframework\checker-compat-qual\2.5.2\checker-compat-qual-2.5.2.jar;D:\repository\aiserver\com\google\errorprone\error_prone_annotations\2.2.0\error_prone_annotations-2.2.0.jar;D:\repository\aiserver\com\google\j2objc\j2objc-annotations\1.1\j2objc-annotations-1.1.jar;D:\repository\aiserver\org\codehaus\mojo\animal-sniffer-annotations\1.17\animal-sniffer-annotations-1.17.jar;D:\repository\aiserver\javax\validation\validation-api\2.0.1.Final\validation-api-2.0.1.Final.jar;D:\repository\aiserver\io\springfox\springfox-boot-starter\3.0.0\springfox-boot-starter-3.0.0.jar;D:\repository\aiserver\io\springfox\springfox-data-rest\3.0.0\springfox-data-rest-3.0.0.jar;D:\repository\aiserver\com\fasterxml\classmate\1.5.1\classmate-1.5.1.jar;D:\repository\aiserver\org\springframework\plugin\spring-plugin-core\2.0.0.RELEASE\spring-plugin-core-2.0.0.RELEASE.jar;D:\repository\aiserver\org\springframework\plugin\spring-plugin-metadata\2.0.0.RELEASE\spring-plugin-metadata-2.0.0.RELEASE.jar;D:\repository\aiserver\com\github\xiaoymin\knife4j-spring-ui\3.0.3\knife4j-spring-ui-3.0.3.jar;D:\repository\aiserver\org\apache\commons\commons-lang3\3.12.0\commons-lang3-3.12.0.jar;D:\repository\aiserver\com\google\code\gson\gson\2.9.1\gson-2.9.1.jar;D:\repository\aiserver\cn\hutool\hutool-all\5.8.8\hutool-all-5.8.8.jar;D:\repository\aiserver\org\springframework\boot\spring-boot-devtools\2.7.2\spring-boot-devtools-2.7.2.jar;D:\repository\aiserver\org\springframework\boot\spring-boot\2.7.2\spring-boot-2.7.2.jar;D:\repository\aiserver\org\springframework\boot\spring-boot-autoconfigure\2.7.2\spring-boot-autoconfigure-2.7.2.jar;D:\repository\aiserver\org\springframework\boot\spring-boot-configuration-processor\2.7.2\spring-boot-configuration-processor-2.7.2.jar;D:\repository\aiserver\org\projectlombok\lombok\1.18.24\lombok-1.18.24.jar;D:\repository\aiserver\org\springframework\boot\spring-boot-starter-test\2.7.2\spring-boot-starter-test-2.7.2.jar;D:\repository\aiserver\org\springframework\boot\spring-boot-test\2.7.2\spring-boot-test-2.7.2.jar;D:\repository\aiserver\org\springframework\boot\spring-boot-test-autoconfigure\2.7.2\spring-boot-test-autoconfigure-2.7.2.jar;D:\repository\aiserver\com\jayway\jsonpath\json-path\2.7.0\json-path-2.7.0.jar;D:\repository\aiserver\net\minidev\json-smart\2.4.8\json-smart-2.4.8.jar;D:\repository\aiserver\net\minidev\accessors-smart\2.4.8\accessors-smart-2.4.8.jar;D:\repository\aiserver\org\ow2\asm\asm\9.1\asm-9.1.jar;D:\repository\aiserver\jakarta\xml\bind\jakarta.xml.bind-api\2.3.3\jakarta.xml.bind-api-2.3.3.jar;D:\repository\aiserver\jakarta\activation\jakarta.activation-api\1.2.2\jakarta.activation-api-1.2.2.jar;D:\repository\aiserver\org\assertj\assertj-core\3.22.0\assertj-core-3.22.0.jar;D:\repository\aiserver\org\hamcrest\hamcrest\2.2\hamcrest-2.2.jar;D:\repository\aiserver\org\junit\jupiter\junit-jupiter\5.8.2\junit-jupiter-5.8.2.jar;D:\repository\aiserver\org\junit\jupiter\junit-jupiter-api\5.8.2\junit-jupiter-api-5.8.2.jar;D:\repository\aiserver\org\opentest4j\opentest4j\1.2.0\opentest4j-1.2.0.jar;D:\repository\aiserver\org\junit\platform\junit-platform-commons\1.8.2\junit-platform-commons-1.8.2.jar;D:\repository\aiserver\org\apiguardian\apiguardian-api\1.1.2\apiguardian-api-1.1.2.jar;D:\repository\aiserver\org\junit\jupiter\junit-jupiter-params\5.8.2\junit-jupiter-params-5.8.2.jar;D:\repository\aiserver\org\junit\jupiter\junit-jupiter-engine\5.8.2\junit-jupiter-engine-5.8.2.jar;D:\repository\aiserver\org\junit\platform\junit-platform-engine\1.8.2\junit-platform-engine-1.8.2.jar;D:\repository\aiserver\org\mockito\mockito-core\4.5.1\mockito-core-4.5.1.jar;D:\repository\aiserver\net\bytebuddy\byte-buddy\1.12.12\byte-buddy-1.12.12.jar;D:\repository\aiserver\net\bytebuddy\byte-buddy-agent\1.12.12\byte-buddy-agent-1.12.12.jar;D:\repository\aiserver\org\objenesis\objenesis\3.2\objenesis-3.2.jar;D:\repository\aiserver\org\mockito\mockito-junit-jupiter\4.5.1\mockito-junit-jupiter-4.5.1.jar;D:\repository\aiserver\org\skyscreamer\jsonassert\1.5.1\jsonassert-1.5.1.jar;D:\repository\aiserver\com\vaadin\external\google\android-json\0.0.20131108.vaadin1\android-json-0.0.20131108.vaadin1.jar;D:\repository\aiserver\org\springframework\spring-core\5.3.22\spring-core-5.3.22.jar;D:\repository\aiserver\org\springframework\spring-jcl\5.3.22\spring-jcl-5.3.22.jar;D:\repository\aiserver\org\springframework\spring-test\5.3.22\spring-test-5.3.22.jar;D:\repository\aiserver\org\xmlunit\xmlunit-core\2.9.0\xmlunit-core-2.9.0.jar;"/>
    <property name="java.vm.vendor" value="Oracle Corporation"/>
    <property name="sun.arch.data.model" value="64"/>
    <property name="user.variant" value=""/>
    <property name="java.vendor.url" value="http://java.oracle.com/"/>
    <property name="user.timezone" value="Asia/Shanghai"/>
    <property name="java.vm.specification.version" value="1.8"/>
    <property name="os.name" value="Windows 10"/>
    <property name="user.country" value="HK"/>
    <property name="sun.java.launcher" value="SUN_STANDARD"/>
    <property name="sun.boot.library.path" value="C:\Program Files\Java\jdk1.8.0_181\jre\bin"/>
    <property name="sun.java.command" value="C:\Users\song\AppData\Local\Temp\surefire2077965352226772506\surefirebooter3429592287022869736.jar C:\Users\song\AppData\Local\Temp\surefire2077965352226772506 2023-04-28T11-42-16_938-jvmRun1 surefire4841918231355397797tmp surefire_02779088828078454908tmp"/>
    <property name="surefire.test.class.path" value="D:\IDEAProject\reply\target\test-classes;D:\IDEAProject\reply\target\classes;D:\repository\aiserver\org\springframework\boot\spring-boot-starter-web\2.7.2\spring-boot-starter-web-2.7.2.jar;D:\repository\aiserver\org\springframework\boot\spring-boot-starter\2.7.2\spring-boot-starter-2.7.2.jar;D:\repository\aiserver\org\springframework\boot\spring-boot-starter-logging\2.7.2\spring-boot-starter-logging-2.7.2.jar;D:\repository\aiserver\ch\qos\logback\logback-classic\1.2.11\logback-classic-1.2.11.jar;D:\repository\aiserver\ch\qos\logback\logback-core\1.2.11\logback-core-1.2.11.jar;D:\repository\aiserver\org\apache\logging\log4j\log4j-to-slf4j\2.17.2\log4j-to-slf4j-2.17.2.jar;D:\repository\aiserver\org\apache\logging\log4j\log4j-api\2.17.2\log4j-api-2.17.2.jar;D:\repository\aiserver\org\slf4j\jul-to-slf4j\1.7.36\jul-to-slf4j-1.7.36.jar;D:\repository\aiserver\jakarta\annotation\jakarta.annotation-api\1.3.5\jakarta.annotation-api-1.3.5.jar;D:\repository\aiserver\org\yaml\snakeyaml\1.30\snakeyaml-1.30.jar;D:\repository\aiserver\org\springframework\boot\spring-boot-starter-json\2.7.2\spring-boot-starter-json-2.7.2.jar;D:\repository\aiserver\com\fasterxml\jackson\core\jackson-databind\2.13.3\jackson-databind-2.13.3.jar;D:\repository\aiserver\com\fasterxml\jackson\core\jackson-annotations\2.13.3\jackson-annotations-2.13.3.jar;D:\repository\aiserver\com\fasterxml\jackson\core\jackson-core\2.13.3\jackson-core-2.13.3.jar;D:\repository\aiserver\com\fasterxml\jackson\datatype\jackson-datatype-jdk8\2.13.3\jackson-datatype-jdk8-2.13.3.jar;D:\repository\aiserver\com\fasterxml\jackson\datatype\jackson-datatype-jsr310\2.13.3\jackson-datatype-jsr310-2.13.3.jar;D:\repository\aiserver\com\fasterxml\jackson\module\jackson-module-parameter-names\2.13.3\jackson-module-parameter-names-2.13.3.jar;D:\repository\aiserver\org\springframework\boot\spring-boot-starter-tomcat\2.7.2\spring-boot-starter-tomcat-2.7.2.jar;D:\repository\aiserver\org\apache\tomcat\embed\tomcat-embed-core\9.0.65\tomcat-embed-core-9.0.65.jar;D:\repository\aiserver\org\apache\tomcat\embed\tomcat-embed-el\9.0.65\tomcat-embed-el-9.0.65.jar;D:\repository\aiserver\org\apache\tomcat\embed\tomcat-embed-websocket\9.0.65\tomcat-embed-websocket-9.0.65.jar;D:\repository\aiserver\org\springframework\spring-web\5.3.22\spring-web-5.3.22.jar;D:\repository\aiserver\org\springframework\spring-beans\5.3.22\spring-beans-5.3.22.jar;D:\repository\aiserver\org\springframework\spring-webmvc\5.3.22\spring-webmvc-5.3.22.jar;D:\repository\aiserver\org\springframework\spring-context\5.3.22\spring-context-5.3.22.jar;D:\repository\aiserver\org\springframework\spring-expression\5.3.22\spring-expression-5.3.22.jar;D:\repository\aiserver\org\springframework\boot\spring-boot-starter-aop\2.7.2\spring-boot-starter-aop-2.7.2.jar;D:\repository\aiserver\org\springframework\spring-aop\5.3.22\spring-aop-5.3.22.jar;D:\repository\aiserver\org\aspectj\aspectjweaver\1.9.7\aspectjweaver-1.9.7.jar;D:\repository\aiserver\org\springframework\boot\spring-boot-starter-thymeleaf\2.7.2\spring-boot-starter-thymeleaf-2.7.2.jar;D:\repository\aiserver\org\thymeleaf\thymeleaf-spring5\3.0.15.RELEASE\thymeleaf-spring5-3.0.15.RELEASE.jar;D:\repository\aiserver\org\thymeleaf\thymeleaf\3.0.15.RELEASE\thymeleaf-3.0.15.RELEASE.jar;D:\repository\aiserver\org\attoparser\attoparser\2.0.5.RELEASE\attoparser-2.0.5.RELEASE.jar;D:\repository\aiserver\org\unbescape\unbescape\1.1.6.RELEASE\unbescape-1.1.6.RELEASE.jar;D:\repository\aiserver\org\slf4j\slf4j-api\1.7.36\slf4j-api-1.7.36.jar;D:\repository\aiserver\org\thymeleaf\extras\thymeleaf-extras-java8time\3.0.4.RELEASE\thymeleaf-extras-java8time-3.0.4.RELEASE.jar;D:\repository\aiserver\com\github\xiaoymin\knife4j-spring-boot-starter\3.0.3\knife4j-spring-boot-starter-3.0.3.jar;D:\repository\aiserver\com\github\xiaoymin\knife4j-spring-boot-autoconfigure\3.0.3\knife4j-spring-boot-autoconfigure-3.0.3.jar;D:\repository\aiserver\com\github\xiaoymin\knife4j-spring\3.0.3\knife4j-spring-3.0.3.jar;D:\repository\aiserver\com\github\xiaoymin\knife4j-annotations\3.0.3\knife4j-annotations-3.0.3.jar;D:\repository\aiserver\io\swagger\swagger-annotations\1.5.22\swagger-annotations-1.5.22.jar;D:\repository\aiserver\io\swagger\core\v3\swagger-annotations\2.1.2\swagger-annotations-2.1.2.jar;D:\repository\aiserver\com\github\xiaoymin\knife4j-core\3.0.3\knife4j-core-3.0.3.jar;D:\repository\aiserver\org\javassist\javassist\3.25.0-GA\javassist-3.25.0-GA.jar;D:\repository\aiserver\io\springfox\springfox-swagger2\3.0.0\springfox-swagger2-3.0.0.jar;D:\repository\aiserver\io\springfox\springfox-spi\3.0.0\springfox-spi-3.0.0.jar;D:\repository\aiserver\io\springfox\springfox-schema\3.0.0\springfox-schema-3.0.0.jar;D:\repository\aiserver\io\springfox\springfox-swagger-common\3.0.0\springfox-swagger-common-3.0.0.jar;D:\repository\aiserver\io\springfox\springfox-spring-web\3.0.0\springfox-spring-web-3.0.0.jar;D:\repository\aiserver\io\github\classgraph\classgraph\4.8.83\classgraph-4.8.83.jar;D:\repository\aiserver\io\springfox\springfox-spring-webflux\3.0.0\springfox-spring-webflux-3.0.0.jar;D:\repository\aiserver\org\mapstruct\mapstruct\1.3.1.Final\mapstruct-1.3.1.Final.jar;D:\repository\aiserver\io\springfox\springfox-spring-webmvc\3.0.0\springfox-spring-webmvc-3.0.0.jar;D:\repository\aiserver\io\springfox\springfox-core\3.0.0\springfox-core-3.0.0.jar;D:\repository\aiserver\io\springfox\springfox-oas\3.0.0\springfox-oas-3.0.0.jar;D:\repository\aiserver\io\swagger\core\v3\swagger-models\2.1.2\swagger-models-2.1.2.jar;D:\repository\aiserver\io\springfox\springfox-bean-validators\3.0.0\springfox-bean-validators-3.0.0.jar;D:\repository\aiserver\io\swagger\swagger-models\1.5.22\swagger-models-1.5.22.jar;D:\repository\aiserver\io\swagger\swagger-core\1.5.22\swagger-core-1.5.22.jar;D:\repository\aiserver\com\fasterxml\jackson\dataformat\jackson-dataformat-yaml\2.13.3\jackson-dataformat-yaml-2.13.3.jar;D:\repository\aiserver\com\google\guava\guava\27.0.1-android\guava-27.0.1-android.jar;D:\repository\aiserver\com\google\guava\failureaccess\1.0.1\failureaccess-1.0.1.jar;D:\repository\aiserver\com\google\guava\listenablefuture\9999.0-empty-to-avoid-conflict-with-guava\listenablefuture-9999.0-empty-to-avoid-conflict-with-guava.jar;D:\repository\aiserver\com\google\code\findbugs\jsr305\3.0.2\jsr305-3.0.2.jar;D:\repository\aiserver\org\checkerframework\checker-compat-qual\2.5.2\checker-compat-qual-2.5.2.jar;D:\repository\aiserver\com\google\errorprone\error_prone_annotations\2.2.0\error_prone_annotations-2.2.0.jar;D:\repository\aiserver\com\google\j2objc\j2objc-annotations\1.1\j2objc-annotations-1.1.jar;D:\repository\aiserver\org\codehaus\mojo\animal-sniffer-annotations\1.17\animal-sniffer-annotations-1.17.jar;D:\repository\aiserver\javax\validation\validation-api\2.0.1.Final\validation-api-2.0.1.Final.jar;D:\repository\aiserver\io\springfox\springfox-boot-starter\3.0.0\springfox-boot-starter-3.0.0.jar;D:\repository\aiserver\io\springfox\springfox-data-rest\3.0.0\springfox-data-rest-3.0.0.jar;D:\repository\aiserver\com\fasterxml\classmate\1.5.1\classmate-1.5.1.jar;D:\repository\aiserver\org\springframework\plugin\spring-plugin-core\2.0.0.RELEASE\spring-plugin-core-2.0.0.RELEASE.jar;D:\repository\aiserver\org\springframework\plugin\spring-plugin-metadata\2.0.0.RELEASE\spring-plugin-metadata-2.0.0.RELEASE.jar;D:\repository\aiserver\com\github\xiaoymin\knife4j-spring-ui\3.0.3\knife4j-spring-ui-3.0.3.jar;D:\repository\aiserver\org\apache\commons\commons-lang3\3.12.0\commons-lang3-3.12.0.jar;D:\repository\aiserver\com\google\code\gson\gson\2.9.1\gson-2.9.1.jar;D:\repository\aiserver\cn\hutool\hutool-all\5.8.8\hutool-all-5.8.8.jar;D:\repository\aiserver\org\springframework\boot\spring-boot-devtools\2.7.2\spring-boot-devtools-2.7.2.jar;D:\repository\aiserver\org\springframework\boot\spring-boot\2.7.2\spring-boot-2.7.2.jar;D:\repository\aiserver\org\springframework\boot\spring-boot-autoconfigure\2.7.2\spring-boot-autoconfigure-2.7.2.jar;D:\repository\aiserver\org\springframework\boot\spring-boot-configuration-processor\2.7.2\spring-boot-configuration-processor-2.7.2.jar;D:\repository\aiserver\org\projectlombok\lombok\1.18.24\lombok-1.18.24.jar;D:\repository\aiserver\org\springframework\boot\spring-boot-starter-test\2.7.2\spring-boot-starter-test-2.7.2.jar;D:\repository\aiserver\org\springframework\boot\spring-boot-test\2.7.2\spring-boot-test-2.7.2.jar;D:\repository\aiserver\org\springframework\boot\spring-boot-test-autoconfigure\2.7.2\spring-boot-test-autoconfigure-2.7.2.jar;D:\repository\aiserver\com\jayway\jsonpath\json-path\2.7.0\json-path-2.7.0.jar;D:\repository\aiserver\net\minidev\json-smart\2.4.8\json-smart-2.4.8.jar;D:\repository\aiserver\net\minidev\accessors-smart\2.4.8\accessors-smart-2.4.8.jar;D:\repository\aiserver\org\ow2\asm\asm\9.1\asm-9.1.jar;D:\repository\aiserver\jakarta\xml\bind\jakarta.xml.bind-api\2.3.3\jakarta.xml.bind-api-2.3.3.jar;D:\repository\aiserver\jakarta\activation\jakarta.activation-api\1.2.2\jakarta.activation-api-1.2.2.jar;D:\repository\aiserver\org\assertj\assertj-core\3.22.0\assertj-core-3.22.0.jar;D:\repository\aiserver\org\hamcrest\hamcrest\2.2\hamcrest-2.2.jar;D:\repository\aiserver\org\junit\jupiter\junit-jupiter\5.8.2\junit-jupiter-5.8.2.jar;D:\repository\aiserver\org\junit\jupiter\junit-jupiter-api\5.8.2\junit-jupiter-api-5.8.2.jar;D:\repository\aiserver\org\opentest4j\opentest4j\1.2.0\opentest4j-1.2.0.jar;D:\repository\aiserver\org\junit\platform\junit-platform-commons\1.8.2\junit-platform-commons-1.8.2.jar;D:\repository\aiserver\org\apiguardian\apiguardian-api\1.1.2\apiguardian-api-1.1.2.jar;D:\repository\aiserver\org\junit\jupiter\junit-jupiter-params\5.8.2\junit-jupiter-params-5.8.2.jar;D:\repository\aiserver\org\junit\jupiter\junit-jupiter-engine\5.8.2\junit-jupiter-engine-5.8.2.jar;D:\repository\aiserver\org\junit\platform\junit-platform-engine\1.8.2\junit-platform-engine-1.8.2.jar;D:\repository\aiserver\org\mockito\mockito-core\4.5.1\mockito-core-4.5.1.jar;D:\repository\aiserver\net\bytebuddy\byte-buddy\1.12.12\byte-buddy-1.12.12.jar;D:\repository\aiserver\net\bytebuddy\byte-buddy-agent\1.12.12\byte-buddy-agent-1.12.12.jar;D:\repository\aiserver\org\objenesis\objenesis\3.2\objenesis-3.2.jar;D:\repository\aiserver\org\mockito\mockito-junit-jupiter\4.5.1\mockito-junit-jupiter-4.5.1.jar;D:\repository\aiserver\org\skyscreamer\jsonassert\1.5.1\jsonassert-1.5.1.jar;D:\repository\aiserver\com\vaadin\external\google\android-json\0.0.20131108.vaadin1\android-json-0.0.20131108.vaadin1.jar;D:\repository\aiserver\org\springframework\spring-core\5.3.22\spring-core-5.3.22.jar;D:\repository\aiserver\org\springframework\spring-jcl\5.3.22\spring-jcl-5.3.22.jar;D:\repository\aiserver\org\springframework\spring-test\5.3.22\spring-test-5.3.22.jar;D:\repository\aiserver\org\xmlunit\xmlunit-core\2.9.0\xmlunit-core-2.9.0.jar;"/>
    <property name="sun.cpu.endian" value="little"/>
    <property name="user.home" value="C:\Users\song"/>
    <property name="user.language" value="zh"/>
    <property name="java.specification.vendor" value="Oracle Corporation"/>
    <property name="java.home" value="C:\Program Files\Java\jdk1.8.0_181\jre"/>
    <property name="basedir" value="D:\IDEAProject\reply"/>
    <property name="file.separator" value="\"/>
    <property name="line.separator" value="&#10;"/>
    <property name="java.vm.specification.vendor" value="Oracle Corporation"/>
    <property name="java.specification.name" value="Java Platform API Specification"/>
    <property name="java.awt.graphicsenv" value="sun.awt.Win32GraphicsEnvironment"/>
    <property name="surefire.real.class.path" value="C:\Users\song\AppData\Local\Temp\surefire2077965352226772506\surefirebooter3429592287022869736.jar"/>
    <property name="sun.boot.class.path" value="C:\Program Files\Java\jdk1.8.0_181\jre\lib\resources.jar;C:\Program Files\Java\jdk1.8.0_181\jre\lib\rt.jar;C:\Program Files\Java\jdk1.8.0_181\jre\lib\sunrsasign.jar;C:\Program Files\Java\jdk1.8.0_181\jre\lib\jsse.jar;C:\Program Files\Java\jdk1.8.0_181\jre\lib\jce.jar;C:\Program Files\Java\jdk1.8.0_181\jre\lib\charsets.jar;C:\Program Files\Java\jdk1.8.0_181\jre\lib\jfr.jar;C:\Program Files\Java\jdk1.8.0_181\jre\classes"/>
    <property name="user.script" value=""/>
    <property name="sun.management.compiler" value="HotSpot 64-Bit Tiered Compilers"/>
    <property name="java.runtime.version" value="1.8.0_181-b13"/>
    <property name="user.name" value="song"/>
    <property name="path.separator" value=";"/>
    <property name="os.version" value="10.0"/>
    <property name="java.endorsed.dirs" value="C:\Program Files\Java\jdk1.8.0_181\jre\lib\endorsed"/>
    <property name="java.runtime.name" value="Java(TM) SE Runtime Environment"/>
    <property name="file.encoding" value="GBK"/>
    <property name="java.vm.name" value="Java HotSpot(TM) 64-Bit Server VM"/>
    <property name="localRepository" value="D:\repository\aiserver"/>
    <property name="java.vendor.url.bug" value="http://bugreport.sun.com/bugreport/"/>
    <property name="java.io.tmpdir" value="C:\Users\song\AppData\Local\Temp\"/>
    <property name="idea.version" value="2020.2.3"/>
    <property name="java.version" value="1.8.0_181"/>
    <property name="user.dir" value="D:\IDEAProject\reply"/>
    <property name="os.arch" value="amd64"/>
    <property name="java.vm.specification.name" value="Java Virtual Machine Specification"/>
    <property name="java.awt.printerjob" value="sun.awt.windows.WPrinterJob"/>
    <property name="sun.os.patch.level" value=""/>
    <property name="java.library.path" value="C:\Program Files\Java\jdk1.8.0_181\jre\bin;C:\Windows\Sun\Java\bin;C:\Windows\system32;C:\Windows;E:\Program Files (x86)\NetSarang\Xshell 6\;C:\Program Files (x86)\Common Files\Intel\Shared Libraries\redist\intel64_win\compiler;C:\Windows\system32;%JAVA_HOME%\bin;%JAVA_HOME%\jre\bin;%MAVEN_HOME%\bin;C:\Windows;C:\Windows\System32\Wbem;C:\Windows\System32\WindowsPowerShell\v1.0\;C:\Windows\System32\OpenSSH\;C:\Program Files (x86)\NVIDIA Corporation\PhysX\Common;C:\Program Files\NVIDIA Corporation\NVIDIA NvDLISR;E:\git\bin;E:\GitServer\cmd;E:\TortoiseSVN\bin;C:\Program Files (x86)\HiClass\HiteCommon\HiteCommon_V1.0.0.20191231;C:\Program Files\Common Files\Autodesk Shared\;C:\Program Files (x86)\dotnet\;C:\TDengine;C:\Program Files\nodejs\;D:\map\2.0\tpd\apache-tomcat-8.5.50\jdk8\jre\bin;D:\map\2.0\httpd\apache-tomcat-8.5.50\bin;C:\Users\song\AppData\Local\Microsoft\WindowsApps;C:\Program Files\Java\jdk1.8.0_181\\bin;C:\Program Files\Java\jdk1.8.0_181\\jre\bin;E:\IntelliJ IDEA 2020.2.3\bin;;E:\apache-maven-3.8.2-bin\apache-maven-3.8.2\\bin;C:\Users\song\AppData\Roaming\npm;."/>
    <property name="java.vm.info" value="mixed mode"/>
    <property name="java.vendor" value="Oracle Corporation"/>
    <property name="java.vm.version" value="25.181-b13"/>
    <property name="java.ext.dirs" value="C:\Program Files\Java\jdk1.8.0_181\jre\lib\ext;C:\Windows\Sun\Java\lib\ext"/>
    <property name="sun.io.unicode.encoding" value="UnicodeLittle"/>
    <property name="maven.repo.local" value="D:\repository\aiserver"/>
    <property name="java.class.version" value="52.0"/>
  </properties>
  <testcase name="createCompletion" classname="com.yupi.autoreply.api.openai.OpenAiApiTest" time="22.186">
    <error message="ConnectException: Connection timed out: connect" type="cn.hutool.core.io.IORuntimeException">cn.hutool.core.io.IORuntimeException: ConnectException: Connection timed out: connect
	at com.yupi.autoreply.api.openai.OpenAiApiTest.createCompletion(OpenAiApiTest.java:32)
Caused by: java.net.ConnectException: Connection timed out: connect
	at com.yupi.autoreply.api.openai.OpenAiApiTest.createCompletion(OpenAiApiTest.java:32)
</error>
    <system-out><![CDATA[11:42:17.787 [main] DEBUG org.springframework.test.context.BootstrapUtils - Instantiating CacheAwareContextLoaderDelegate from class [org.springframework.test.context.cache.DefaultCacheAwareContextLoaderDelegate]
11:42:17.787 [main] DEBUG org.springframework.test.context.BootstrapUtils - Instantiating BootstrapContext using constructor [public org.springframework.test.context.support.DefaultBootstrapContext(java.lang.Class,org.springframework.test.context.CacheAwareContextLoaderDelegate)]
11:42:17.824 [main] DEBUG org.springframework.test.context.BootstrapUtils - Instantiating TestContextBootstrapper for test class [com.yupi.autoreply.api.openai.OpenAiApiTest] from class [org.springframework.boot.test.context.SpringBootTestContextBootstrapper]
11:42:17.824 [main] INFO org.springframework.boot.test.context.SpringBootTestContextBootstrapper - Neither @ContextConfiguration nor @ContextHierarchy found for test class [com.yupi.autoreply.api.openai.OpenAiApiTest], using SpringBootContextLoader
11:42:17.840 [main] DEBUG org.springframework.test.context.support.AbstractContextLoader - Did not detect default resource location for test class [com.yupi.autoreply.api.openai.OpenAiApiTest]: class path resource [com/yupi/autoreply/api/openai/OpenAiApiTest-context.xml] does not exist
11:42:17.840 [main] DEBUG org.springframework.test.context.support.AbstractContextLoader - Did not detect default resource location for test class [com.yupi.autoreply.api.openai.OpenAiApiTest]: class path resource [com/yupi/autoreply/api/openai/OpenAiApiTestContext.groovy] does not exist
11:42:17.840 [main] INFO org.springframework.test.context.support.AbstractContextLoader - Could not detect default resource locations for test class [com.yupi.autoreply.api.openai.OpenAiApiTest]: no resource found for suffixes {-context.xml, Context.groovy}.
11:42:17.840 [main] INFO org.springframework.test.context.support.AnnotationConfigContextLoaderUtils - Could not detect default configuration classes for test class [com.yupi.autoreply.api.openai.OpenAiApiTest]: OpenAiApiTest does not declare any static, non-private, non-final, nested classes annotated with @Configuration.
11:42:17.871 [main] DEBUG org.springframework.test.context.support.ActiveProfilesUtils - Could not find an 'annotation declaring class' for annotation type [org.springframework.test.context.ActiveProfiles] and class [com.yupi.autoreply.api.openai.OpenAiApiTest]
11:42:17.925 [main] DEBUG org.springframework.context.annotation.ClassPathScanningCandidateComponentProvider - Identified candidate component class: file [D:\IDEAProject\reply\target\classes\com\yupi\autoreply\MainApplication.class]
11:42:17.940 [main] INFO org.springframework.boot.test.context.SpringBootTestContextBootstrapper - Found @SpringBootConfiguration com.yupi.autoreply.MainApplication for test class com.yupi.autoreply.api.openai.OpenAiApiTest
11:42:18.003 [main] DEBUG org.springframework.boot.test.context.SpringBootTestContextBootstrapper - @TestExecutionListeners is not present for class [com.yupi.autoreply.api.openai.OpenAiApiTest]: using defaults.
11:42:18.003 [main] INFO org.springframework.boot.test.context.SpringBootTestContextBootstrapper - Loaded default TestExecutionListener class names from location [META-INF/spring.factories]: [org.springframework.boot.test.mock.mockito.MockitoTestExecutionListener, org.springframework.boot.test.mock.mockito.ResetMocksTestExecutionListener, org.springframework.boot.test.autoconfigure.restdocs.RestDocsTestExecutionListener, org.springframework.boot.test.autoconfigure.web.client.MockRestServiceServerResetTestExecutionListener, org.springframework.boot.test.autoconfigure.web.servlet.MockMvcPrintOnlyOnFailureTestExecutionListener, org.springframework.boot.test.autoconfigure.web.servlet.WebDriverTestExecutionListener, org.springframework.boot.test.autoconfigure.webservices.client.MockWebServiceServerTestExecutionListener, org.springframework.test.context.web.ServletTestExecutionListener, org.springframework.test.context.support.DirtiesContextBeforeModesTestExecutionListener, org.springframework.test.context.event.ApplicationEventsTestExecutionListener, org.springframework.test.context.support.DependencyInjectionTestExecutionListener, org.springframework.test.context.support.DirtiesContextTestExecutionListener, org.springframework.test.context.transaction.TransactionalTestExecutionListener, org.springframework.test.context.jdbc.SqlScriptsTestExecutionListener, org.springframework.test.context.event.EventPublishingTestExecutionListener]
11:42:18.025 [main] DEBUG org.springframework.boot.test.context.SpringBootTestContextBootstrapper - Skipping candidate TestExecutionListener [org.springframework.test.context.transaction.TransactionalTestExecutionListener] due to a missing dependency. Specify custom listener classes or make the default listener classes and their required dependencies available. Offending class: [org/springframework/transaction/interceptor/TransactionAttributeSource]
11:42:18.025 [main] DEBUG org.springframework.boot.test.context.SpringBootTestContextBootstrapper - Skipping candidate TestExecutionListener [org.springframework.test.context.jdbc.SqlScriptsTestExecutionListener] due to a missing dependency. Specify custom listener classes or make the default listener classes and their required dependencies available. Offending class: [org/springframework/transaction/interceptor/TransactionAttribute]
11:42:18.025 [main] INFO org.springframework.boot.test.context.SpringBootTestContextBootstrapper - Using TestExecutionListeners: [org.springframework.test.context.web.ServletTestExecutionListener@338fc1d8, org.springframework.test.context.support.DirtiesContextBeforeModesTestExecutionListener@4722ef0c, org.springframework.test.context.event.ApplicationEventsTestExecutionListener@48e1f6c7, org.springframework.boot.test.mock.mockito.MockitoTestExecutionListener@55cb6996, org.springframework.boot.test.autoconfigure.SpringBootDependencyInjectionTestExecutionListener@1807e3f6, org.springframework.test.context.support.DirtiesContextTestExecutionListener@480d3575, org.springframework.test.context.event.EventPublishingTestExecutionListener@f1da57d, org.springframework.boot.test.mock.mockito.ResetMocksTestExecutionListener@194fad1, org.springframework.boot.test.autoconfigure.restdocs.RestDocsTestExecutionListener@26abb146, org.springframework.boot.test.autoconfigure.web.client.MockRestServiceServerResetTestExecutionListener@72c8e7b, org.springframework.boot.test.autoconfigure.web.servlet.MockMvcPrintOnlyOnFailureTestExecutionListener@65f8f5ae, org.springframework.boot.test.autoconfigure.web.servlet.WebDriverTestExecutionListener@431cd9b2, org.springframework.boot.test.autoconfigure.webservices.client.MockWebServiceServerTestExecutionListener@38467116]
11:42:18.025 [main] DEBUG org.springframework.test.context.support.AbstractDirtiesContextTestExecutionListener - Before test class: context [DefaultTestContext@55de24cc testClass = OpenAiApiTest, testInstance = [null], testMethod = [null], testException = [null], mergedContextConfiguration = [WebMergedContextConfiguration@dc7df28 testClass = OpenAiApiTest, locations = '{}', classes = '{class com.yupi.autoreply.MainApplication}', contextInitializerClasses = '[]', activeProfiles = '{}', propertySourceLocations = '{}', propertySourceProperties = '{org.springframework.boot.test.context.SpringBootTestContextBootstrapper=true}', contextCustomizers = set[org.springframework.boot.test.context.filter.ExcludeFilterContextCustomizer@313ac989, org.springframework.boot.test.json.DuplicateJsonObjectContextCustomizerFactory$DuplicateJsonObjectContextCustomizer@31304f14, org.springframework.boot.test.mock.mockito.MockitoContextCustomizer@0, org.springframework.boot.test.web.client.TestRestTemplateContextCustomizer@59474f18, org.springframework.boot.test.autoconfigure.actuate.metrics.MetricsExportContextCustomizerFactory$DisableMetricExportContextCustomizer@397fbdb, org.springframework.boot.test.autoconfigure.properties.PropertyMappingContextCustomizer@0, org.springframework.boot.test.autoconfigure.web.servlet.WebDriverContextCustomizerFactory$Customizer@3c46e67a, org.springframework.boot.test.context.SpringBootTestArgs@1, org.springframework.boot.test.context.SpringBootTestWebEnvironment@553f17c], resourceBasePath = 'src/main/webapp', contextLoader = 'org.springframework.boot.test.context.SpringBootContextLoader', parent = [null]], attributes = map['org.springframework.test.context.web.ServletTestExecutionListener.activateListener' -> true]], class annotated with @DirtiesContext [false] with mode [null].

? 防伪水印哈哈哈哈
by 程序员鱼皮：https://github.com/liyupi
可能是最好的编程学习圈子：https://yupi.icu

2023-04-28 11:42:18.359  INFO 3364 --- [           main] c.y.autoreply.api.openai.OpenAiApiTest   : Starting OpenAiApiTest using Java 1.8.0_181 on LAPTOP-G3BJ0UD3 with PID 3364 (started by song in D:\IDEAProject\reply)
2023-04-28 11:42:18.379  INFO 3364 --- [           main] c.y.autoreply.api.openai.OpenAiApiTest   : No active profile set, falling back to 1 default profile: "default"
2023-04-28 11:42:20.519  WARN 3364 --- [           main] ion$DefaultTemplateResolverConfiguration : Cannot find template location: classpath:/templates/ (please add some templates or check your Thymeleaf configuration)
2023-04-28 11:42:20.899  INFO 3364 --- [           main] com.yupi.autoreply.config.TaskConfig     : --- 任务注册开始 ---
2023-04-28 11:42:20.899  INFO 3364 --- [           main] com.yupi.autoreply.config.TaskConfig     : --- 任务注册结果 ---
2023-04-28 11:42:20.901  INFO 3364 --- [           main] c.y.autoreply.api.openai.OpenAiApiTest   : Started OpenAiApiTest in 2.845 seconds (JVM running for 3.671)
2023-04-28 11:42:20.909  INFO 3364 --- [           main] com.yupi.autoreply.MainApplication       : OpenAi 配置 ZsxqConfig(cookie=你的星球cookie, groupId=你的星球id, silenced=true)
2023-04-28 11:42:20.909  INFO 3364 --- [           main] com.yupi.autoreply.MainApplication       : 知识星球配置 OpenAiConfig(model=gpt-3.5-turbo, apiKey=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)
]]></system-out>
  </testcase>
</testsuite>